MPASM 5.71              NEWPIC_8B_SIMPLE.ASM   6-29-2022  21:14:15         PAGE  1


LOC  OBJECT CODE     LINE SOURCE TEXT
  VALUE

                      00001 ; TODO INSERT CONFIG CODE HERE USING CONFIG BITS GENERATOR
                      00002 #INCLUDE <P18F4550.INC>
                      00001         LIST
                      00002 
                      00003 ;==========================================================================
                      00004 ; Build date : Nov 17 2016
                      00005 ;  MPASM PIC18F4550 processor include
                      00006 ; 
                      00007 ;  (c) Copyright 1999-2016 Microchip Technology, All rights reserved
                      00008 ;==========================================================================
                      00009 
                      01765         LIST
  00000007            00003 COUNT1  EQU     0X07
  00000006            00004 COUNT2  EQU     0X06
  00000004            00005 HP_H    EQU     0X04
  00000005            00006 GROWTH  EQU     0X05
  00000003            00007 HP_L    EQU     0X03
  00000002            00008 WATER   EQU     0X02
  00000F83            00009 LD  EQU PORTD
  00000F82            00010 LC  EQU PORTC
  00000005            00011 RS  EQU RC5
  00000001            00012 RW      EQU RC1
  00000002            00013 EN      EQU RC2
                      00014 
                      00015 RES_VECT  CODE    0x0000            ; processor reset vector
000000 EF?? F???      00016     GOTO    INT               ; go to beginning of program
                      00017 
                      00018 ; TODO ADD INTERRUPTS HERE IF USED
                      00019     ORG 0X008
000008 0100           00020     MOVLB   0X00
00000A EC?? F???      00021     CALL U_U
00000E EC?? F???      00022     CALL CHK
000012 0010           00023     RETFIE
                      00024 CHK ORG 0100H
                      00025         ; BTFSC   PIR1,TMR1IF
                      00026     ;GOTO    T1_INT
000100 B2F2           00027     BTFSC   INTCON,INT0IF
000102 EF?? F???      00028     GOTO    HP_INT
000106 B0F0           00029     BTFSC   INTCON3,INT1IF
000108 EF?? F???      00030     GOTO    SUNNY
00010C 0012           00031     RETURN
00010E EC?? F???      00032 SUNNY   CALL    U_U
000112 0EC4           00033         MOVLW   0XC4
000114 EC?? F???      00034         CALL    CW
000118 EC?? F???      00035         CALL    U_U
00011C B281           00036         BTFSC   PORTB,1
00011E EF?? F???      00037         GOTO    YE
000122 0E4E           00038         MOVLW   'N'
000124 EC?? F???      00039         CALL    DSEND
000128 EC?? F???      00040         CALL    U_U
00012C 90F0           00041 FIN     BCF     INTCON3,INT1IF
00012E 0012           00042         RETURN
000130 0E59           00043 YE      MOVLW   'Y'
MPASM 5.71              NEWPIC_8B_SIMPLE.ASM   6-29-2022  21:14:15         PAGE  2


LOC  OBJECT CODE     LINE SOURCE TEXT
  VALUE

000132 EC?? F???      00044         CALL    DSEND
000136 EC?? F???      00045         CALL    U_U
00013A EF?? F???      00046         GOTO    FIN     
                      00047 HP_INT  ORG 0200H
000200 0E05           00048         MOVLW   0X05
000202 6E02           00049         MOVWF   WATER
000204 EC?? F???      00050         CALL    WATERING
000208 0E38           00051 AGAIN   MOVLW   0X38
00020A 6003           00052         CPFSLT  HP_L
00020C EF?? F???      00053         GOTO    HI
000210 2A03           00054         INCF    HP_L,F
000212 0602           00055 HERE    DECF    WATER
000214 E1??           00056         BNZ     AGAIN
000216 EC?? F???      00057         CALL    SET_HP
00021A 92F2           00058         BCF     INTCON,INT0IF
00021C EC?? F???      00059         CALL    CLEAR_WAT
000220 0010           00060         RETFIE
000222                00061 HI      
000222 6404           00062         CPFSGT  HP_H
000224 EF?? F???      00063         GOTO    GOGO
000228 EF?? F???      00064         GOTO    HERE
00022C 2A04           00065 GOGO    INCF    HP_H,F
00022E 0E30           00066         MOVLW   0X30
000230 6E03           00067         MOVWF   HP_L
000232 EF?? F???      00068         GOTO    HERE
000236                00069 CLEAR_WAT
000236 EC?? F???      00070         CALL    U_U
00023A 0E8B           00071         MOVLW   0X8B    
00023C EC?? F???      00072         CALL    CW
000240 EC?? F???      00073         CALL    U_U
000244 0E00           00074         MOVLW   0X00
000246 EC?? F???      00075         CALL    DSEND
00024A EC?? F???      00076         CALL    U_U
00024E 0E00           00077         MOVLW   0X00
000250 EC?? F???      00078         CALL    DSEND
000254 EC?? F???      00079         CALL    U_U
000258 0E00           00080         MOVLW   0X00
00025A EC?? F???      00081         CALL    DSEND
00025E EC?? F???      00082         CALL    U_U
000262 0E00           00083         MOVLW   0X00
000264 EC?? F???      00084         CALL    DSEND
000268 EC?? F???      00085         CALL    U_U
00026C 0E00           00086         MOVLW   0X00
00026E EC?? F???      00087         CALL    DSEND
000272 EC?? F???      00088         CALL    U_U
000276 0ECC           00089         MOVLW   0XCC    
000278 EC?? F???      00090         CALL    CW
00027C EC?? F???      00091         CALL    U_U
000280 0E00           00092         MOVLW   0X00
000282 EC?? F???      00093         CALL    DSEND
000286 EC?? F???      00094         CALL    U_U
00028A 0E00           00095         MOVLW   0X00
00028C EC?? F???      00096         CALL    DSEND
MPASM 5.71              NEWPIC_8B_SIMPLE.ASM   6-29-2022  21:14:15         PAGE  3


LOC  OBJECT CODE     LINE SOURCE TEXT
  VALUE

000290 EC?? F???      00097         CALL    U_U
000294 0E00           00098         MOVLW   0X00
000296 EC?? F???      00099         CALL    DSEND
00029A EC?? F???      00100         CALL    U_U
00029E 0012           00101         RETURN
                      00102         
0002A0                00103 WATERING
0002A0 EC?? F???      00104         CALL    U_U
0002A4 0E8B           00105         MOVLW   0X8B    
0002A6 EC?? F???      00106         CALL    CW
0002AA EC?? F???      00107         CALL    U_U
0002AE 0E57           00108         MOVLW   'W'
0002B0 EC?? F???      00109         CALL    DSEND
0002B4 EC?? F???      00110         CALL    U_U
0002B8 0E41           00111         MOVLW   'A'
0002BA EC?? F???      00112         CALL    DSEND
0002BE EC?? F???      00113         CALL    U_U
0002C2 0E54           00114         MOVLW   'T'
0002C4 EC?? F???      00115         CALL    DSEND
0002C8 EC?? F???      00116         CALL    U_U
0002CC 0E45           00117         MOVLW   'E'
0002CE EC?? F???      00118         CALL    DSEND
0002D2 EC?? F???      00119         CALL    U_U
0002D6 0E52           00120         MOVLW   'R'
0002D8 EC?? F???      00121         CALL    DSEND
0002DC EC?? F???      00122         CALL    U_U
0002E0 0ECC           00123         MOVLW   0XCC    
0002E2 EC?? F???      00124         CALL    CW
0002E6 EC?? F???      00125         CALL    U_U
0002EA 0E49           00126         MOVLW   'I'
0002EC EC?? F???      00127         CALL    DSEND
0002F0 EC?? F???      00128         CALL    U_U
0002F4 0E4E           00129         MOVLW   'N'
0002F6 EC?? F???      00130         CALL    DSEND
0002FA EC?? F???      00131         CALL    U_U
0002FE 0E47           00132         MOVLW   'G'
000300 EC?? F???      00133         CALL    DSEND
000304 EC?? F???      00134         CALL    U_U
000308 0012           00135         RETURN
                      00136 
                      00137 SET_HP  ORG 0350H
000350 EC?? F???      00138         CALL    U_U
000354 0E83           00139         MOVLW   0X83    
000356 EC?? F???      00140         CALL    CW
00035A EC?? F???      00141         CALL    U_U
00035E 5004           00142         MOVF    HP_H,W
000360 EC?? F???      00143         CALL    DSEND
000364 EC?? F???      00144         CALL    U_U
000368 5003           00145         MOVF    HP_L,W
00036A EC?? F???      00146         CALL    DSEND
00036E EC?? F???      00147         CALL    U_U
000372 0012           00148         RETURN
                      00149 D_HP    ORG 0600H
MPASM 5.71              NEWPIC_8B_SIMPLE.ASM   6-29-2022  21:14:15         PAGE  4


LOC  OBJECT CODE     LINE SOURCE TEXT
  VALUE

                      00150 
000600 0E30           00151         MOVLW   0X30
000602 6403           00152         CPFSGT  HP_L
000604 EF?? F???      00153         GOTO    CHG_HP_H
000608 0603           00154         DECF    HP_L,F
00060A EC?? F???      00155         CALL    SET_HP
00060E 0012           00156         RETURN
000610                00157 CHG_HP_H    
000610 0E30           00158             MOVLW   0X30
000612 6404           00159             CPFSGT  HP_H
000614 EC?? F???      00160             CALL    HP_L_CHK
000618 0604           00161             DECF    HP_H,F
00061A 0E39           00162             MOVLW   0X39
00061C 6E03           00163             MOVWF   HP_L
00061E EC?? F???      00164             CALL    SET_HP
000622 0012           00165             RETURN
000624 0E30           00166 HP_L_CHK    MOVLW   0X30
000626 6403           00167             CPFSGT  HP_L
000628 EC?? F???      00168             CALL   GAME_OVER
00062C EC?? F???      00169             CALL    SET_HP
000630 0012           00170             RETURN
000632                00171 GAME_OVER  
000632 0E87           00172             MOVLW   0X87
000634 EC?? F???      00173             CALL    CW
000638 EC?? F???      00174             CALL    U_U
00063C 0E47           00175             MOVLW   'G'
00063E EC?? F???      00176             CALL    DSEND
000642 EC?? F???      00177             CALL    U_U
000646 0E41           00178             MOVLW   'A'
000648 EC?? F???      00179             CALL    DSEND
00064C EC?? F???      00180             CALL    U_U
000650 0E4D           00181             MOVLW   'M'
000652 EC?? F???      00182             CALL    DSEND
000656 EC?? F???      00183             CALL    U_U
00065A 0E45           00184             MOVLW   'E'
00065C EC?? F???      00185             CALL    DSEND
000660 EC?? F???      00186             CALL    U_U
000664 0EC7           00187             MOVLW   0XC7
000666 EC?? F???      00188             CALL    CW
00066A EC?? F???      00189             CALL    U_U
00066E 0E4F           00190             MOVLW   'O'
000670 EC?? F???      00191             CALL    DSEND
000674 EC?? F???      00192             CALL    U_U
000678 0E56           00193             MOVLW   'V'
00067A EC?? F???      00194             CALL    DSEND
00067E EC?? F???      00195             CALL    U_U
000682 0E45           00196             MOVLW   'E'
000684 EC?? F???      00197             CALL    DSEND
000688 EC?? F???      00198             CALL    U_U
00068C 0E52           00199             MOVLW   'R'
00068E EC?? F???      00200             CALL    DSEND
000692 EC?? F???      00201             CALL    U_U
000696 EF?? F???      00202             GOTO    $
MPASM 5.71              NEWPIC_8B_SIMPLE.ASM   6-29-2022  21:14:15         PAGE  5


LOC  OBJECT CODE     LINE SOURCE TEXT
  VALUE

00069A 0012           00203             RETURN
00069C                00204 LDELAY
00069C 0EFA           00205     MOVLW   D'250'
00069E 6E07           00206     MOVWF   COUNT1
0006A0 0EFA           00207 D1  MOVLW   D'250'
0006A2 6E06           00208     MOVWF   COUNT2
0006A4 0000           00209 D2  NOP
0006A6 0000           00210     NOP
0006A8 0606           00211     DECF    COUNT2,F
0006AA E1??           00212     BNZ D2
0006AC 0607           00213     DECF    COUNT1,F
0006AE E1??           00214     BNZ D1
0006B0 0012           00215     RETURN
0006B2                00216 CW
0006B2 6E83           00217     MOVWF   LD  
0006B4 9A82           00218     BCF     LC,RS
0006B6 9282           00219     BCF     LC,RW
0006B8 8482           00220     BSF     LC,EN
0006BA EC?? F???      00221     CALL    SDELAY 
0006BE 9482           00222     BCF     LC,EN
0006C0 0012           00223     RETURN
                      00224 
0006C2                00225 DSEND
0006C2 6E83           00226     MOVWF   LD
0006C4 8A82           00227     BSF     LC,RS
0006C6 9282           00228     BCF     LC,RW
0006C8 8482           00229     BSF     LC,EN
0006CA EC?? F???      00230     CALL    SDELAY 
0006CE 9482           00231     BCF     LC,EN
0006D0 0012           00232     RETURN
                      00233   
0006D2                00234 U_U
0006D2 6895           00235     SETF    TRISD
0006D4 9A82           00236     BCF     LC,RS
0006D6 8282           00237     BSF     LC,RW
0006D8                00238 BACK
0006D8 8482           00239     BSF     LC,EN
0006DA EC?? F???      00240     CALL    SDELAY
0006DE 9482           00241     BCF     LC,EN
0006E0 BE83           00242     BTFSC   LD,7
0006E2 D???           00243     BRA     BACK
0006E4 6A95           00244     CLRF    TRISD
0006E6 0012           00245     RETURN
                      00246 
                      00247 
0006E8                00248 SDELAY
0006E8 0EC8           00249     MOVLW   D'200'
0006EA 6E07           00250     MOVWF   COUNT1
0006EC 0EFA           00251 D3  MOVLW   D'250'
0006EE 6E06           00252     MOVWF   COUNT2
0006F0 0000           00253 D4  NOP
0006F2 0000           00254     NOP
0006F4 0606           00255     DECF    COUNT2,F
MPASM 5.71              NEWPIC_8B_SIMPLE.ASM   6-29-2022  21:14:15         PAGE  6


LOC  OBJECT CODE     LINE SOURCE TEXT
  VALUE

0006F6 E1??           00256     BNZ D2
0006F8 0607           00257     DECF    COUNT1,F
0006FA E1??           00258     BNZ D1
0006FC 0012           00259     RETURN    
                      00260 ;Setup LCD AND INTERRUPTS       
                      00261 INT ORG 0X0800
000800 0E0F           00262         MOVLW   0X0F
000802 6EC1           00263         MOVWF   ADCON1
000804 0E39           00264         MOVLW   0X39
000806 6E04           00265         MOVWF   HP_H
000808 0E39           00266         MOVLW   0X39
00080A 6E03           00267         MOVWF   HP_L
00080C 88F2           00268         BSF     INTCON,INT0IE
00080E 92F2           00269         BCF     INTCON,INT0IF
000810 86F0           00270         BSF     INTCON3,INT1IE
000812 9AF1           00271         BCF     INTCON2,INTEDG1
000814 0E34           00272         MOVLW   0X34
000816 6ECD           00273         MOVWF   T1CON
000818 909E           00274         BCF     PIR1,TMR1IF
                      00275         ;TMR1 SETUP
00081A 0E0E           00276         MOVLW   0X0E
00081C 6E05           00277         MOVWF   GROWTH
                      00278         ;Timer 0 setup
00081E 6A95           00279         CLRF    TRISD
000820 6A94           00280         CLRF    TRISC
000822 6893           00281         SETF    TRISB
000824 9482           00282         BCF     LC,EN
000826 EC?? F???      00283         CALL    LDELAY
00082A 0E38           00284         MOVLW   0X38            ;LINE SETUP
00082C EC?? F???      00285         CALL    CW
000830 EC?? F???      00286         CALL    LDELAY
000834 0E0E           00287         MOVLW   0X0E    ;DISPLAY ON, CRUSOR OFF
000836 EC?? F???      00288         CALL    CW
00083A EC?? F???      00289         CALL    U_U
00083E 0E01           00290         MOVLW   0X01    ;CLEAR SCREEN
000840 EC?? F???      00291         CALL    CW
000844 EC?? F???      00292         CALL    U_U
000848 EF?? F???      00293         GOTO    BASIC   
00084C                00294 BASIC
00084C 0E89           00295         MOVLW   0X89    
00084E EC?? F???      00296         CALL    CW
000852 EC?? F???      00297         CALL    U_U
000856 0ED5           00298         MOVLW   0xD5
000858 EC?? F???      00299         CALL    DSEND
00085C EC?? F???      00300         CALL    U_U
000860 0EC9           00301         MOVLW   0XC9    
000862 EC?? F???      00302         CALL    CW
000866 EC?? F???      00303         CALL    U_U
00086A 0EFF           00304         MOVLW   0xFF
00086C EC?? F???      00305         CALL    DSEND
000870 EC?? F???      00306         CALL    U_U
000874 0E80           00307         MOVLW   0X80    
000876 EC?? F???      00308         CALL    CW
MPASM 5.71              NEWPIC_8B_SIMPLE.ASM   6-29-2022  21:14:15         PAGE  7


LOC  OBJECT CODE     LINE SOURCE TEXT
  VALUE

00087A EC?? F???      00309         CALL    U_U
00087E 0E48           00310         MOVLW   'H'
000880 EC?? F???      00311         CALL    DSEND
000884 EC?? F???      00312         CALL    U_U
000888 0E50           00313         MOVLW   'P'
00088A EC?? F???      00314         CALL    DSEND
00088E EC?? F???      00315         CALL    U_U
000892 0E3A           00316         MOVLW   ':'
000894 EC?? F???      00317         CALL    DSEND
000898 EC?? F???      00318         CALL    U_U
00089C EC?? F???      00319         CALL    SET_HP
0008A0 0E25           00320         MOVLW   '%'
0008A2 EC?? F???      00321         CALL    DSEND
0008A6 EC?? F???      00322         CALL    U_U
0008AA 0EC0           00323         MOVLW   0XC0    
0008AC EC?? F???      00324         CALL    CW
0008B0 EC?? F???      00325         CALL    U_U
0008B4 0E53           00326         MOVLW   'S'
0008B6 EC?? F???      00327         CALL    DSEND
0008BA EC?? F???      00328         CALL    U_U
0008BE 0E55           00329         MOVLW   'U'
0008C0 EC?? F???      00330         CALL    DSEND
0008C4 EC?? F???      00331         CALL    U_U
0008C8 0E4E           00332         MOVLW   'N'
0008CA EC?? F???      00333         CALL    DSEND
0008CE EC?? F???      00334         CALL    U_U
0008D2 0E3A           00335         MOVLW   ':'
0008D4 EC?? F???      00336         CALL    DSEND
0008D8 EC?? F???      00337         CALL    U_U
0008DC EC?? F???      00338         CALL    SUN_INT
                      00339         
0008E0 EF?? F???      00340         GOTO    START
0008E4                00341 SUN_INT
                      00342 
0008E4 EC?? F???      00343         CALL    U_U
0008E8 0EC4           00344         MOVLW   0XC4
0008EA EC?? F???      00345         CALL    CW
0008EE EC?? F???      00346         CALL    U_U
0008F2 B281           00347         BTFSC   PORTB,1
0008F4 EF?? F???      00348         GOTO    YEE
0008F8 0E4E           00349         MOVLW   'N'
0008FA EC?? F???      00350         CALL    DSEND
0008FE EC?? F???      00351         CALL    U_U
000902 EC?? F???      00352         CALL    D_HP
000906 0012           00353 FINN    RETURN
000908 0E59           00354 YEE     MOVLW   'Y'
00090A EC?? F???      00355         CALL    DSEND
00090E EC?? F???      00356         CALL    U_U
000912 EF?? F???      00357         GOTO    FINN
000916 8C93           00358 GROW    BSF TRISB,6
000918 8C81           00359         BSF PORTB,6
00091A 0E89           00360         MOVLW   0X89    
00091C EC?? F???      00361         CALL    CW
MPASM 5.71              NEWPIC_8B_SIMPLE.ASM   6-29-2022  21:14:15         PAGE  8


LOC  OBJECT CODE     LINE SOURCE TEXT
  VALUE

000920 EC?? F???      00362         CALL    U_U
000924 0ECE           00363         MOVLW   0xCE
000926 EC?? F???      00364         CALL    DSEND
00092A EC?? F???      00365         CALL    U_U
00092E 9ED5           00366         BCF     T0CON,TMR0ON
000930 94F2           00367 JOJO    BCF     INTCON,TMR0IF
000932 0012           00368         RETURN
                      00369 MAIN_PROG CODE                      ; let linker place main program
000000                00370 START
000000 94F2           00371     BCF     INTCON,TMR0IF
000002 8ED5           00372     BSF     T0CON,TMR0ON
000004 8EF2           00373     BSF INTCON,GIE
                      00374 
000006                00375 DIO_DESU     
000006 EC?? F???      00376         CALL    SUN_INT   
00000A 0E0B           00377         MOVLW   0X0B
00000C 6ECF           00378         MOVWF   TMR1H
00000E 0EDC           00379         MOVLW   0XDC
000010 6ECE           00380         MOVWF   TMR1L
000012 909E           00381         BCF     PIR1,TMR1IF
000014 80CD           00382         BSF     T1CON,TMR1ON
000016 A09E           00383 MUDA    BTFSS   PIR1,TMR1IF
000018 EF?? F???      00384         GOTO    MUDA
00001C EC?? F???      00385         CALL    D_HP
000020 909E           00386         BCF     PIR1,TMR1IF
000022 4E05           00387         DCFSNZ  GROWTH
000024 EC?? F???      00388         CALL    GROW
000028 EF?? F???      00389         GOTO    DIO_DESU
                      00390     END
MPASM 5.71              NEWPIC_8B_SIMPLE.ASM   6-29-2022  21:14:15         PAGE  9


SYMBOL TABLE
  LABEL                             VALUE 

A                                 00000000
ABDEN                             00000000
ABDOVF                            00000007
ACCESS                            00000000
ACKDT                             00000005
ACKEN                             00000004
ACKSTAT                           00000006
ACQT0                             00000003
ACQT1                             00000004
ACQT2                             00000005
ACTVIE                            00000002
ACTVIF                            00000002
ADCON0                            00000FC2
ADCON1                            00000FC1
ADCON2                            00000FC0
ADCS0                             00000000
ADCS1                             00000001
ADCS2                             00000002
ADDEN                             00000003
ADDR0                             00000000
ADDR1                             00000001
ADDR2                             00000002
ADDR3                             00000003
ADDR4                             00000004
ADDR5                             00000005
ADDR6                             00000006
ADEN                              00000003
ADFM                              00000007
ADIE                              00000006
ADIF                              00000006
ADIP                              00000006
ADON                              00000000
ADRES                             00000FC3
ADRESH                            00000FC4
ADRESL                            00000FC3
AGAIN                             00000208
AN0                               00000000
AN1                               00000001
AN2                               00000002
AN3                               00000003
AN4                               00000005
BACK                              000006D8
BANKED                            00000001
BASIC                             0000084C
BAUDCON                           00000FB8
BAUDCTL                           00000FB8
BCLIE                             00000003
BCLIF                             00000003
BCLIP                             00000003
BF                                00000000
BGST                              00000005
BOR                               00000000
BRG16                             00000003
MPASM 5.71              NEWPIC_8B_SIMPLE.ASM   6-29-2022  21:14:15         PAGE 10


SYMBOL TABLE
  LABEL                             VALUE 

BRGH                              00000002
BSR                               00000FE0
BTOEE                             00000004
BTOEF                             00000004
BTSEE                             00000007
BTSEF                             00000007
C                                 00000000
C1INV                             00000004
C1OUT                             00000006
C2INV                             00000005
C2OUT                             00000007
CCP1                              00000002
CCP1AS                            00000FB6
CCP1CON                           00000FBD
CCP1DEL                           00000FB7
CCP1IE                            00000002
CCP1IF                            00000002
CCP1IP                            00000002
CCP1M0                            00000000
CCP1M1                            00000001
CCP1M2                            00000002
CCP1M3                            00000003
CCP2CON                           00000FBA
CCP2IE                            00000000
CCP2IF                            00000000
CCP2IP                            00000000
CCP2M0                            00000000
CCP2M1                            00000001
CCP2M2                            00000002
CCP2M3                            00000003
CCPR1                             00000FBE
CCPR1H                            00000FBF
CCPR1L                            00000FBE
CCPR2                             00000FBB
CCPR2H                            00000FBC
CCPR2L                            00000FBB
CFGS                              00000006
CHG_HP_H                          00000610
CHK                               00000100
CHS0                              00000002
CHS1                              00000003
CHS2                              00000004
CHS3                              00000005
CIS                               00000003
CK                                00000006
CK1SPP                            00000000
CK2SPP                            00000001
CKE                               00000006
CKP                               00000004
CLEAR_WAT                         00000236
CLK1EN                            00000004
CLKCFG0                           00000006
CLKCFG1                           00000007
MPASM 5.71              NEWPIC_8B_SIMPLE.ASM   6-29-2022  21:14:15         PAGE 11


SYMBOL TABLE
  LABEL                             VALUE 

CM0                               00000000
CM1                               00000001
CM2                               00000002
CMCON                             00000FB4
CMIE                              00000006
CMIF                              00000006
CMIP                              00000006
COUNT1                            00000007
COUNT2                            00000006
CRC16EE                           00000002
CRC16EF                           00000002
CRC5EE                            00000001
CRC5EF                            00000001
CREN                              00000004
CSEN                              00000005
CSRC                              00000007
CVR0                              00000000
CVR1                              00000001
CVR2                              00000002
CVR3                              00000003
CVRCON                            00000FB5
CVREF                             00000004
CVREN                             00000007
CVROE                             00000006
CVRR                              00000005
CVRSS                             00000004
CW                                000006B2
D                                 00000005
D1                                000006A0
D2                                000006A4
D3                                000006EC
D4                                000006F0
DATA_ADDRESS                      00000005
DC                                00000001
DC1B0                             00000004
DC1B1                             00000005
DC2B0                             00000004
DC2B1                             00000005
DDRA                              TRISA
DDRB                              TRISB
DDRC                              TRISC
DDRD                              TRISD
DDRE                              TRISE
DFN8EE                            00000003
DFN8EF                            00000003
DIO_DESU                          00000006
DIR                               00000002
DONE                              00000001
DSEND                             000006C2
D_A                               00000005
D_HP                              00000600
D_NOT_A                           00000005
ECCP1AS                           00000FB6
MPASM 5.71              NEWPIC_8B_SIMPLE.ASM   6-29-2022  21:14:15         PAGE 12


SYMBOL TABLE
  LABEL                             VALUE 

ECCP1CON                          00000FBD
ECCP1DEL                          00000FB7
ECCPAS0                           00000004
ECCPAS1                           00000005
ECCPAS2                           00000006
ECCPASE                           00000007
EEADR                             00000FA9
EECON1                            00000FA6
EECON2                            00000FA7
EEDATA                            00000FA8
EEIE                              00000004
EEIF                              00000004
EEIP                              00000004
EEPGD                             00000007
EN                                00000002
ENDP0                             00000003
ENDP1                             00000004
ENDP2                             00000005
ENDP3                             00000006
EPCONDIS                          00000003
EPHSHK                            00000004
EPINEN                            00000001
EPOUTEN                           00000002
EPSTALL                           00000000
FAST                              00000001
FERR                              00000002
FIN                               0000012C
FINN                              00000906
FLTS                              00000002
FREE                              00000004
FRM0                              00000000
FRM1                              00000001
FRM10                             00000002
FRM2                              00000002
FRM3                              00000003
FRM4                              00000004
FRM5                              00000005
FRM6                              00000006
FRM7                              00000007
FRM8                              00000000
FRM9                              00000001
FSEN                              00000002
FSR0                              00000000
FSR0H                             00000FEA
FSR0L                             00000FE9
FSR1                              00000001
FSR1H                             00000FE2
FSR1L                             00000FE1
FSR2                              00000002
FSR2H                             00000FDA
FSR2L                             00000FD9
GAME_OVER                         00000632
GCEN                              00000007
MPASM 5.71              NEWPIC_8B_SIMPLE.ASM   6-29-2022  21:14:15         PAGE 13


SYMBOL TABLE
  LABEL                             VALUE 

GIE                               00000007
GIEH                              00000007
GIEL                              00000006
GIE_GIEH                          00000007
GO                                00000001
GOGO                              0000022C
GO_DONE                           00000001
GO_NOT_DONE                       00000001
GROW                              00000916
GROWTH                            00000005
HERE                              00000212
HI                                00000222
HLVDCON                           00000FD2
HLVDEN                            00000004
HLVDIE                            00000002
HLVDIF                            00000002
HLVDIN                            00000005
HLVDIP                            00000002
HLVDL0                            00000000
HLVDL1                            00000001
HLVDL2                            00000002
HLVDL3                            00000003
HP_H                              00000004
HP_INT                            00000200
HP_L                              00000003
HP_L_CHK                          00000624
I2C_DAT                           00000005
I2C_READ                          00000002
I2C_START                         00000003
I2C_STOP                          00000004
IDLEIE                            00000004
IDLEIF                            00000004
IDLEN                             00000007
INDF0                             00000FEF
INDF1                             00000FE7
INDF2                             00000FDF
INT                               00000800
INT0                              00000000
INT0E                             00000004
INT0F                             00000001
INT0IE                            00000004
INT0IF                            00000001
INT1                              00000001
INT1E                             00000003
INT1F                             00000000
INT1IE                            00000003
INT1IF                            00000000
INT1IP                            00000006
INT1P                             00000006
INT2                              00000002
INT2E                             00000004
INT2F                             00000001
INT2IE                            00000004
MPASM 5.71              NEWPIC_8B_SIMPLE.ASM   6-29-2022  21:14:15         PAGE 14


SYMBOL TABLE
  LABEL                             VALUE 

INT2IF                            00000001
INT2IP                            00000007
INT2P                             00000007
INTCON                            00000FF2
INTCON2                           00000FF1
INTCON3                           00000FF0
INTEDG0                           00000006
INTEDG1                           00000005
INTEDG2                           00000004
INTSRC                            00000007
IOFS                              00000002
IPEN                              00000007
IPR1                              00000F9F
IPR2                              00000FA2
IRCF0                             00000004
IRCF1                             00000005
IRCF2                             00000006
IRVST                             00000005
IVRST                             00000005
JOJO                              00000930
LATA                              00000F89
LATA0                             00000000
LATA1                             00000001
LATA2                             00000002
LATA3                             00000003
LATA4                             00000004
LATA5                             00000005
LATA6                             00000006
LATB                              00000F8A
LATB0                             00000000
LATB1                             00000001
LATB2                             00000002
LATB3                             00000003
LATB4                             00000004
LATB5                             00000005
LATB6                             00000006
LATB7                             00000007
LATC                              00000F8B
LATC0                             00000000
LATC1                             00000001
LATC2                             00000002
LATC6                             00000006
LATC7                             00000007
LATD                              00000F8C
LATD0                             00000000
LATD1                             00000001
LATD2                             00000002
LATD3                             00000003
LATD4                             00000004
LATD5                             00000005
LATD6                             00000006
LATD7                             00000007
LATE                              00000F8D
MPASM 5.71              NEWPIC_8B_SIMPLE.ASM   6-29-2022  21:14:15         PAGE 15


SYMBOL TABLE
  LABEL                             VALUE 

LATE0                             00000000
LATE1                             00000001
LATE2                             00000002
LC                                00000F82
LD                                00000F83
LDELAY                            0000069C
LVDCON                            00000FD2
LVDEN                             00000004
LVDIE                             00000002
LVDIF                             00000002
LVDIN                             00000005
LVDIP                             00000002
LVDL0                             00000000
LVDL1                             00000001
LVDL2                             00000002
LVDL3                             00000003
LVV0                              00000000
LVV1                              00000001
LVV2                              00000002
LVV3                              00000003
MUDA                              00000016
N                                 00000004
NOT_A                             00000005
NOT_ADDRESS                       00000005
NOT_BOR                           00000000
NOT_DONE                          00000001
NOT_IPEN                          00000007
NOT_PD                            00000002
NOT_POR                           00000001
NOT_RBPU                          00000007
NOT_RI                            00000004
NOT_T1SYNC                        00000002
NOT_T3SYNC                        00000002
NOT_TO                            00000003
NOT_W                             00000002
NOT_WRITE                         00000002
OERR                              00000001
OESPP                             00000002
OSC2                              00000006
OSCCON                            00000FD3
OSCFIE                            00000007
OSCFIF                            00000007
OSCFIP                            00000007
OSCTUNE                           00000F9B
OSTS                              00000003
OV                                00000003
P                                 00000004
P1A                               00000002
P1M0                              00000006
P1M1                              00000007
PC                                00000FF9
PCFG0                             00000000
PCFG1                             00000001
MPASM 5.71              NEWPIC_8B_SIMPLE.ASM   6-29-2022  21:14:15         PAGE 16


SYMBOL TABLE
  LABEL                             VALUE 

PCFG2                             00000002
PCFG3                             00000003
PCL                               00000FF9
PCLATH                            00000FFA
PCLATU                            00000FFB
PD                                00000002
PDC0                              00000000
PDC1                              00000001
PDC2                              00000002
PDC3                              00000003
PDC4                              00000004
PDC5                              00000005
PDC6                              00000006
PEIE                              00000006
PEIE_GIEL                         00000006
PEN                               00000002
PGC                               00000006
PGD                               00000007
PGM                               00000005
PIDEE                             00000000
PIDEF                             00000000
PIE1                              00000F9D
PIE2                              00000FA0
PIR1                              00000F9E
PIR2                              00000FA1
PKTDIS                            00000004
PLUSW0                            00000FEB
PLUSW1                            00000FE3
PLUSW2                            00000FDB
POR                               00000001
PORTA                             00000F80
PORTB                             00000F81
PORTC                             00000F82
PORTD                             00000F83
PORTE                             00000F84
POSTDEC0                          00000FED
POSTDEC1                          00000FE5
POSTDEC2                          00000FDD
POSTINC0                          00000FEE
POSTINC1                          00000FE6
POSTINC2                          00000FDE
PPB0                              00000000
PPB1                              00000001
PPBI                              00000001
PPBRST                            00000006
PR2                               00000FCB
PREINC0                           00000FEC
PREINC1                           00000FE4
PREINC2                           00000FDC
PROD                              00000FF3
PRODH                             00000FF4
PRODL                             00000FF3
PRSEN                             00000007
MPASM 5.71              NEWPIC_8B_SIMPLE.ASM   6-29-2022  21:14:15         PAGE 17


SYMBOL TABLE
  LABEL                             VALUE 

PSA                               00000003
PSSAC0                            00000002
PSSAC1                            00000003
PSSBD0                            00000000
PSSBD1                            00000001
R                                 00000002
RA0                               00000000
RA1                               00000001
RA2                               00000002
RA3                               00000003
RA4                               00000004
RA5                               00000005
RA6                               00000006
RB0                               00000000
RB1                               00000001
RB2                               00000002
RB3                               00000003
RB4                               00000004
RB5                               00000005
RB6                               00000006
RB7                               00000007
RBIE                              00000003
RBIF                              00000000
RBIP                              00000000
RBPU                              00000007
RC0                               00000000
RC1                               00000001
RC2                               00000002
RC4                               00000004
RC5                               00000005
RC6                               00000006
RC7                               00000007
RCEN                              00000003
RCIDL                             00000006
RCIE                              00000005
RCIF                              00000005
RCIP                              00000005
RCMT                              00000006
RCON                              00000FD0
RCREG                             00000FAE
RCSTA                             00000FAB
RD                                00000000
RD0                               00000000
RD1                               00000001
RD16                              00000007
RD2                               00000002
RD3                               00000003
RD4                               00000004
RD5                               00000005
RD6                               00000006
RD7                               00000007
RDPU                              00000007
RDSPP                             00000007
MPASM 5.71              NEWPIC_8B_SIMPLE.ASM   6-29-2022  21:14:15         PAGE 18


SYMBOL TABLE
  LABEL                             VALUE 

RE0                               00000000
RE1                               00000001
RE2                               00000002
RE3                               00000003
READ_WRITE                        00000002
RESUME                            00000002
RI                                00000004
RS                                00000005
RSEN                              00000001
RW                                00000001
RX                                00000007
RX9                               00000006
RX9D                              00000000
RXDTP                             00000005
R_NOT_W                           00000002
R_W                               00000002
S                                 00000003
SBOREN                            00000006
SCKP                              00000004
SCS0                              00000000
SCS1                              00000001
SDELAY                            000006E8
SE0                               00000005
SEN                               00000000
SENDB                             00000003
SET_HP                            00000350
SMP                               00000007
SOFIE                             00000006
SOFIF                             00000006
SPBRG                             00000FAF
SPBRGH                            00000FB0
SPEN                              00000007
SPP0                              00000000
SPP1                              00000001
SPP2                              00000002
SPP3                              00000003
SPP4                              00000004
SPP5                              00000005
SPP6                              00000006
SPP7                              00000007
SPPBUSY                           00000004
SPPCFG                            00000F63
SPPCON                            00000F65
SPPDATA                           00000F62
SPPEN                             00000000
SPPEPS                            00000F64
SPPIE                             00000007
SPPIF                             00000007
SPPIP                             00000007
SPPOWN                            00000001
SREN                              00000005
SSPADD                            00000FC8
SSPBUF                            00000FC9
MPASM 5.71              NEWPIC_8B_SIMPLE.ASM   6-29-2022  21:14:15         PAGE 19


SYMBOL TABLE
  LABEL                             VALUE 

SSPCON1                           00000FC6
SSPCON2                           00000FC5
SSPEN                             00000005
SSPIE                             00000003
SSPIF                             00000003
SSPIP                             00000003
SSPM0                             00000000
SSPM1                             00000001
SSPM2                             00000002
SSPM3                             00000003
SSPOV                             00000006
SSPSTAT                           00000FC7
STALLIE                           00000005
STALLIF                           00000005
START                             00000000
STATUS                            00000FD8
STKFUL                            00000007
STKOVF                            00000007
STKPTR                            00000FFC
STKPTR0                           00000000
STKPTR1                           00000001
STKPTR2                           00000002
STKPTR3                           00000003
STKPTR4                           00000004
STKUNF                            00000006
SUNNY                             0000010E
SUN_INT                           000008E4
SUSPND                            00000001
SWDTE                             00000000
SWDTEN                            00000000
SYNC                              00000004
T08BIT                            00000006
T0CKI                             00000004
T0CON                             00000FD5
T0CS                              00000005
T0IE                              00000005
T0IF                              00000002
T0IP                              00000002
T0PS0                             00000000
T0PS1                             00000001
T0PS2                             00000002
T0SE                              00000004
T13CKI                            00000000
T1CKPS0                           00000004
T1CKPS1                           00000005
T1CON                             00000FCD
T1OSCEN                           00000003
T1OSI                             00000001
T1OSO                             00000000
T1RUN                             00000006
T1SYNC                            00000002
T2CKPS0                           00000000
T2CKPS1                           00000001
MPASM 5.71              NEWPIC_8B_SIMPLE.ASM   6-29-2022  21:14:15         PAGE 20


SYMBOL TABLE
  LABEL                             VALUE 

T2CON                             00000FCA
T2OUTPS0                          00000003
T2OUTPS1                          00000004
T2OUTPS2                          00000005
T2OUTPS3                          00000006
T3CCP1                            00000003
T3CCP2                            00000006
T3CKPS0                           00000004
T3CKPS1                           00000005
T3CON                             00000FB1
T3NSYNC                           00000002
T3SYNC                            00000002
TABLAT                            00000FF5
TBLPTR                            00000FF6
TBLPTRH                           00000FF7
TBLPTRL                           00000FF6
TBLPTRU                           00000FF8
TMR0                              00000FD6
TMR0H                             00000FD7
TMR0IE                            00000005
TMR0IF                            00000002
TMR0IP                            00000002
TMR0L                             00000FD6
TMR0ON                            00000007
TMR1                              00000FCE
TMR1CS                            00000001
TMR1H                             00000FCF
TMR1IE                            00000000
TMR1IF                            00000000
TMR1IP                            00000000
TMR1L                             00000FCE
TMR1ON                            00000000
TMR2                              00000FCC
TMR2IE                            00000001
TMR2IF                            00000001
TMR2IP                            00000001
TMR2ON                            00000002
TMR3                              00000FB2
TMR3CS                            00000001
TMR3H                             00000FB3
TMR3IE                            00000001
TMR3IF                            00000001
TMR3IP                            00000001
TMR3L                             00000FB2
TMR3ON                            00000000
TO                                00000003
TOS                               00000FFD
TOSH                              00000FFE
TOSL                              00000FFD
TOSU                              00000FFF
TOUTPS0                           00000003
TOUTPS1                           00000004
TOUTPS2                           00000005
MPASM 5.71              NEWPIC_8B_SIMPLE.ASM   6-29-2022  21:14:15         PAGE 21


SYMBOL TABLE
  LABEL                             VALUE 

TOUTPS3                           00000006
TRISA                             00000F92
TRISA0                            00000000
TRISA1                            00000001
TRISA2                            00000002
TRISA3                            00000003
TRISA4                            00000004
TRISA5                            00000005
TRISA6                            00000006
TRISB                             00000F93
TRISB0                            00000000
TRISB1                            00000001
TRISB2                            00000002
TRISB3                            00000003
TRISB4                            00000004
TRISB5                            00000005
TRISB6                            00000006
TRISB7                            00000007
TRISC                             00000F94
TRISC0                            00000000
TRISC1                            00000001
TRISC2                            00000002
TRISC6                            00000006
TRISC7                            00000007
TRISD                             00000F95
TRISD0                            00000000
TRISD1                            00000001
TRISD2                            00000002
TRISD3                            00000003
TRISD4                            00000004
TRISD5                            00000005
TRISD6                            00000006
TRISD7                            00000007
TRISE                             00000F96
TRISE0                            00000000
TRISE1                            00000001
TRISE2                            00000002
TRMT                              00000001
TRNIE                             00000003
TRNIF                             00000003
TUN0                              00000000
TUN1                              00000001
TUN2                              00000002
TUN3                              00000003
TUN4                              00000004
TX                                00000006
TX9                               00000006
TX9D                              00000000
TXCKP                             00000004
TXEN                              00000005
TXIE                              00000004
TXIF                              00000004
TXIP                              00000004
MPASM 5.71              NEWPIC_8B_SIMPLE.ASM   6-29-2022  21:14:15         PAGE 22


SYMBOL TABLE
  LABEL                             VALUE 

TXREG                             00000FAD
TXSTA                             00000FAC
UA                                00000001
UADDR                             00000F6E
UCFG                              00000F6F
UCON                              00000F6D
UEIE                              00000F6B
UEIR                              00000F6A
UEP0                              00000F70
UEP1                              00000F71
UEP10                             00000F7A
UEP11                             00000F7B
UEP12                             00000F7C
UEP13                             00000F7D
UEP14                             00000F7E
UEP15                             00000F7F
UEP2                              00000F72
UEP3                              00000F73
UEP4                              00000F74
UEP5                              00000F75
UEP6                              00000F76
UEP7                              00000F77
UEP8                              00000F78
UEP9                              00000F79
UERRIE                            00000001
UERRIF                            00000001
UFRM                              00000F66
UFRMH                             00000F67
UFRML                             00000F66
UIE                               00000F69
UIR                               00000F68
UOEMON                            00000006
UPUEN                             00000004
URSTIE                            00000000
URSTIF                            00000000
USBEN                             00000003
USBIE                             00000005
USBIF                             00000005
USBIP                             00000005
USTAT                             00000F6C
UTEYE                             00000007
UTRDIS                            00000003
U_U                               000006D2
VCFG0                             00000004
VCFG1                             00000005
VDIRMAG                           00000007
VREFM                             00000002
VREFP                             00000003
W                                 00000000
WATER                             00000002
WATERING                          000002A0
WCOL                              00000007
WDTCON                            00000FD1
MPASM 5.71              NEWPIC_8B_SIMPLE.ASM   6-29-2022  21:14:15         PAGE 23


SYMBOL TABLE
  LABEL                             VALUE 

WR                                00000001
WREG                              00000FE8
WREN                              00000002
WRERR                             00000003
WRSPP                             00000006
WS0                               00000000
WS1                               00000001
WS2                               00000002
WS3                               00000003
WUE                               00000001
YE                                00000130
YEE                               00000908
Z                                 00000002
_.org_4_0696                      00000696
_BORV_0_2L                        000000E7
_BORV_1_2L                        000000EF
_BORV_2_2L                        000000F7
_BORV_3_2L                        000000FF
_BOR_OFF_2L                       000000F9
_BOR_ON_2L                        000000FF
_BOR_ON_ACTIVE_2L                 000000FD
_BOR_SOFT_2L                      000000FB
_CCP2MX_OFF_3H                    000000FE
_CCP2MX_ON_3H                     000000FF
_CONFIG1H                         00300001
_CONFIG1L                         00300000
_CONFIG2H                         00300003
_CONFIG2L                         00300002
_CONFIG3H                         00300005
_CONFIG4L                         00300006
_CONFIG5H                         00300009
_CONFIG5L                         00300008
_CONFIG6H                         0030000B
_CONFIG6L                         0030000A
_CONFIG7H                         0030000D
_CONFIG7L                         0030000C
_CP0_OFF_5L                       000000FF
_CP0_ON_5L                        000000FE
_CP1_OFF_5L                       000000FF
_CP1_ON_5L                        000000FD
_CP2_OFF_5L                       000000FF
_CP2_ON_5L                        000000FB
_CP3_OFF_5L                       000000FF
_CP3_ON_5L                        000000F7
_CPB_OFF_5H                       000000FF
_CPB_ON_5H                        000000BF
_CPD_OFF_5H                       000000FF
_CPD_ON_5H                        0000007F
_CPUDIV_OSC1_PLL2_1L              000000E7
_CPUDIV_OSC2_PLL3_1L              000000EF
_CPUDIV_OSC3_PLL4_1L              000000F7
_CPUDIV_OSC4_PLL6_1L              000000FF
_DEBUG_OFF_4L                     000000FF
MPASM 5.71              NEWPIC_8B_SIMPLE.ASM   6-29-2022  21:14:15         PAGE 24


SYMBOL TABLE
  LABEL                             VALUE 

_DEBUG_ON_4L                      0000007F
_DEVID1                           003FFFFE
_DEVID2                           003FFFFF
_EBTR0_OFF_7L                     000000FF
_EBTR0_ON_7L                      000000FE
_EBTR1_OFF_7L                     000000FF
_EBTR1_ON_7L                      000000FD
_EBTR2_OFF_7L                     000000FF
_EBTR2_ON_7L                      000000FB
_EBTR3_OFF_7L                     000000FF
_EBTR3_ON_7L                      000000F7
_EBTRB_OFF_7H                     000000FF
_EBTRB_ON_7H                      000000BF
_FCMEN_OFF_1H                     000000BF
_FCMEN_ON_1H                      000000FF
_FOSC_ECIO_EC_1H                  000000F4
_FOSC_ECPLLIO_EC_1H               000000F6
_FOSC_ECPLL_EC_1H                 000000F7
_FOSC_EC_EC_1H                    000000F5
_FOSC_HSPLL_HS_1H                 000000FE
_FOSC_HS_1H                       000000FC
_FOSC_INTOSCIO_EC_1H              000000F8
_FOSC_INTOSC_EC_1H                000000F9
_FOSC_INTOSC_HS_1H                000000FB
_FOSC_INTOSC_XT_1H                000000FA
_FOSC_XTPLL_XT_1H                 000000F2
_FOSC_XT_XT_1H                    000000F0
_ICPRT_OFF_4L                     000000DF
_ICPRT_ON_4L                      000000FF
_IDLOC0                           00200000
_IDLOC1                           00200001
_IDLOC2                           00200002
_IDLOC3                           00200003
_IDLOC4                           00200004
_IDLOC5                           00200005
_IDLOC6                           00200006
_IDLOC7                           00200007
_IESO_OFF_1H                      0000007F
_IESO_ON_1H                       000000FF
_LPT1OSC_OFF_3H                   000000FB
_LPT1OSC_ON_3H                    000000FF
_LVP_OFF_4L                       000000FB
_LVP_ON_4L                        000000FF
_MCLRE_OFF_3H                     0000007F
_MCLRE_ON_3H                      000000FF
_PBADEN_OFF_3H                    000000FD
_PBADEN_ON_3H                     000000FF
_PLLDIV_10_1L                     000000FE
_PLLDIV_12_1L                     000000FF
_PLLDIV_1_1L                      000000F8
_PLLDIV_2_1L                      000000F9
_PLLDIV_3_1L                      000000FA
_PLLDIV_4_1L                      000000FB
MPASM 5.71              NEWPIC_8B_SIMPLE.ASM   6-29-2022  21:14:15         PAGE 25


SYMBOL TABLE
  LABEL                             VALUE 

_PLLDIV_5_1L                      000000FC
_PLLDIV_6_1L                      000000FD
_PWRT_OFF_2L                      000000FF
_PWRT_ON_2L                       000000FE
_STVREN_OFF_4L                    000000FE
_STVREN_ON_4L                     000000FF
_USBDIV_1_1L                      000000DF
_USBDIV_2_1L                      000000FF
_VREGEN_OFF_2L                    000000DF
_VREGEN_ON_2L                     000000FF
_WDTPS_1024_2H                    000000F5
_WDTPS_128_2H                     000000EF
_WDTPS_16384_2H                   000000FD
_WDTPS_16_2H                      000000E9
_WDTPS_1_2H                       000000E1
_WDTPS_2048_2H                    000000F7
_WDTPS_256_2H                     000000F1
_WDTPS_2_2H                       000000E3
_WDTPS_32768_2H                   000000FF
_WDTPS_32_2H                      000000EB
_WDTPS_4096_2H                    000000F9
_WDTPS_4_2H                       000000E5
_WDTPS_512_2H                     000000F3
_WDTPS_64_2H                      000000ED
_WDTPS_8192_2H                    000000FB
_WDTPS_8_2H                       000000E7
_WDT_OFF_2H                       000000FE
_WDT_ON_2H                        000000FF
_WRT0_OFF_6L                      000000FF
_WRT0_ON_6L                       000000FE
_WRT1_OFF_6L                      000000FF
_WRT1_ON_6L                       000000FD
_WRT2_OFF_6L                      000000FF
_WRT2_ON_6L                       000000FB
_WRT3_OFF_6L                      000000FF
_WRT3_ON_6L                       000000F7
_WRTB_OFF_6H                      000000FF
_WRTB_ON_6H                       000000BF
_WRTC_OFF_6H                      000000FF
_WRTC_ON_6H                       000000DF
_WRTD_OFF_6H                      000000FF
_WRTD_ON_6H                       0000007F
_XINST_OFF_4L                     000000BF
_XINST_ON_4L                      000000FF
__18F4550                         00000001

Errors   :     0
Warnings :     0 reported,     0 suppressed
Messages :     0 reported,     0 suppressed

